<?xml version="1.0" encoding="UTF-8"?>
<!-- Generated by org.testng.reporters.JUnitReportReporter -->
<testsuite hostname="MYBOOK" failures="0" tests="1" name="report.ExtentReport.ExtentReport" time="3.469" errors="0" timestamp="2024-06-02T21:43:26 IST" skipped="0">
  <testcase classname="report.ExtentReport.ExtentReport" name="demoMethod" time="3.469"/>
</testsuite> <!-- report.ExtentReport.ExtentReport -->
